<?xml version="1.0" encoding="UTF-8"?>
<testng-results total="1" passed="1" failed="0" skipped="0">
  <reporter-output>
  </reporter-output>
  <suite started-at="2023-02-27T00:06:37Z" name="Surefire suite" finished-at="2023-02-27T00:06:37Z" duration-ms="65">
    <groups>
    </groups>
    <test started-at="2023-02-27T00:06:37Z" name="Surefire test" finished-at="2023-02-27T00:06:37Z" duration-ms="65">
      <class name="com.macbook.org.AppTest">
        <test-method signature="shouldAnswerWithTrue()[pri:0, instance:shouldAnswerWithTrue(com.macbook.org.AppTest)]" started-at="2023-02-27T05:36:37Z" name="shouldAnswerWithTrue" finished-at="2023-02-27T05:36:37Z" duration-ms="3" status="PASS">
          <reporter-output>
          </reporter-output>
        </test-method> <!-- shouldAnswerWithTrue -->
      </class> <!-- com.macbook.org.AppTest -->
    </test> <!-- Surefire test -->
  </suite> <!-- Surefire suite -->
</testng-results>
